Тест: без ошибок 
--- Протокол --- Дата: 16.12.2024 00:49:36
--- Параметры --- 
-in : IN_semant.txt
-out: ..\Assembler\ASM.asm
-log: IN_semant.txt.log
--- Исходные данные --- 
Количество символов : 112
Количество строк    : 15
Проигнорировано     : 0


 ------------------ Таблица слов ------------------
 №Строка: 
 0  1 |  void
 1  1 |  fun
 2  1 |  Hi
 3  1 |  (
 4  1 |  string
 5  1 |  n
 6  1 |  )
 7  2 |  {
 8  2 |  return
 9  2 |  n
10  2 |  ;
11  2 |  }
12  5 |  Main
13  6 |  {
14  7 |  int
15  7 |  del
16  7 |  =
17  7 |  1
18  7 |  +
19  7 |  b
20  7 |  ;
21  9 |  int
22  9 |  a
23  9 |  =
24  9 |  1
25  9 |  /
26  9 |  0
27  9 |  ;
28 11 |  string
29 11 |  m
30 11 |  =
31 11 |  "Yo"
32 11 |  ;
33 12 |  WriteLine
34 12 |  Hi
35 12 |  (
36 12 |  m
37 12 |  )
38 12 |  ;
39
Семантическая ошибка : Идентификатор не объявлен. Cтрока: 7, позиция: 15

Семантическая ошибка : Не закрыт блок main. Строка: 0

-----------------  Таблица лексем ---------------------

  1 | gfi[0](ti[1])
  2 | {ei[1];}
  5 | m
  6 | {
  7 | ti[2]=l[3]+i[4];
  9 | ti[5]=l[3]/l[6];
 11 | ti[7]=l[8];
 12 | bi[0](i[7]);
-------------------------------------------------------------------------

---------------------------- Таблица идентификатора ------------------------

|  N  |СТРОКА В ТЛ |  ТИП ИДЕНТИФИКАТОРА  |        ИМЯ        | ЗНАЧЕНИЕ (ПАРАМЕТРЫ)
|   0 |       2    |             function |               _Hi | P0:STRING |
|   1 |       5    |   string   parameter |              _Hin |
|   2 |      15    |       int   variable |           maindel |0
|   3 |      17    |       int    literal |                L1 |1
|   4 |      19    |  UNDEFINED  variable |             mainb |
|   5 |      22    |       int   variable |             maina |0
|   6 |      26    |       int    literal |                L2 |0
|   7 |      29    |   string    variable |             mainm |[0]
|   8 |      31    |   string     literal |                L3 |[2]Yo

-------------------------------------------------------------------------

Лексический анализ завершен с ошибками
